2024-09-25T16:35:38,569 - CPUUtilization.Percent:0.0|#Level:Host|#hostname:Alans-MacBook-Air.local,timestamp:1727307338
2024-09-25T16:35:38,570 - DiskAvailable.Gigabytes:235.83050918579102|#Level:Host|#hostname:Alans-MacBook-Air.local,timestamp:1727307338
2024-09-25T16:35:38,570 - DiskUsage.Gigabytes:9.936683654785156|#Level:Host|#hostname:Alans-MacBook-Air.local,timestamp:1727307338
2024-09-25T16:35:38,570 - DiskUtilization.Percent:4.0|#Level:Host|#hostname:Alans-MacBook-Air.local,timestamp:1727307338
2024-09-25T16:35:38,570 - MemoryAvailable.Megabytes:4700.65625|#Level:Host|#hostname:Alans-MacBook-Air.local,timestamp:1727307338
2024-09-25T16:35:38,570 - MemoryUsed.Megabytes:6379.234375|#Level:Host|#hostname:Alans-MacBook-Air.local,timestamp:1727307338
2024-09-25T16:35:38,571 - MemoryUtilization.Percent:71.3|#Level:Host|#hostname:Alans-MacBook-Air.local,timestamp:1727307338
2024-09-25T16:35:40,998 - Requests5XX.Count:1.0|#Level:Host|#hostname:Alans-MacBook-Air.local,timestamp:1727307340
2024-09-25T16:35:48,145 - Requests5XX.Count:1.0|#Level:Host|#hostname:Alans-MacBook-Air.local,timestamp:1727307348
2024-09-25T16:36:02,953 - Requests2XX.Count:1.0|#Level:Host|#hostname:Alans-MacBook-Air.local,timestamp:1727307362
2024-09-25T16:36:38,609 - CPUUtilization.Percent:0.0|#Level:Host|#hostname:Alans-MacBook-Air.local,timestamp:1727307398
2024-09-25T16:36:38,610 - DiskAvailable.Gigabytes:235.8276252746582|#Level:Host|#hostname:Alans-MacBook-Air.local,timestamp:1727307398
2024-09-25T16:36:38,610 - DiskUsage.Gigabytes:9.936683654785156|#Level:Host|#hostname:Alans-MacBook-Air.local,timestamp:1727307398
2024-09-25T16:36:38,610 - DiskUtilization.Percent:4.0|#Level:Host|#hostname:Alans-MacBook-Air.local,timestamp:1727307398
2024-09-25T16:36:38,610 - MemoryAvailable.Megabytes:4061.078125|#Level:Host|#hostname:Alans-MacBook-Air.local,timestamp:1727307398
2024-09-25T16:36:38,610 - MemoryUsed.Megabytes:5804.96875|#Level:Host|#hostname:Alans-MacBook-Air.local,timestamp:1727307398
2024-09-25T16:36:38,611 - MemoryUtilization.Percent:75.2|#Level:Host|#hostname:Alans-MacBook-Air.local,timestamp:1727307398
2024-09-25T16:37:38,618 - CPUUtilization.Percent:0.0|#Level:Host|#hostname:Alans-MacBook-Air.local,timestamp:1727307458
2024-09-25T16:37:38,619 - DiskAvailable.Gigabytes:235.82564163208008|#Level:Host|#hostname:Alans-MacBook-Air.local,timestamp:1727307458
2024-09-25T16:37:38,619 - DiskUsage.Gigabytes:9.936683654785156|#Level:Host|#hostname:Alans-MacBook-Air.local,timestamp:1727307458
2024-09-25T16:37:38,619 - DiskUtilization.Percent:4.0|#Level:Host|#hostname:Alans-MacBook-Air.local,timestamp:1727307458
2024-09-25T16:37:38,620 - MemoryAvailable.Megabytes:4268.75|#Level:Host|#hostname:Alans-MacBook-Air.local,timestamp:1727307458
2024-09-25T16:37:38,620 - MemoryUsed.Megabytes:5832.796875|#Level:Host|#hostname:Alans-MacBook-Air.local,timestamp:1727307458
2024-09-25T16:37:38,620 - MemoryUtilization.Percent:73.9|#Level:Host|#hostname:Alans-MacBook-Air.local,timestamp:1727307458
2024-09-25T16:38:02,503 - CPUUtilization.Percent:0.0|#Level:Host|#hostname:Alans-MacBook-Air.local,timestamp:1727307482
2024-09-25T16:38:02,504 - DiskAvailable.Gigabytes:235.82456970214844|#Level:Host|#hostname:Alans-MacBook-Air.local,timestamp:1727307482
2024-09-25T16:38:02,504 - DiskUsage.Gigabytes:9.936683654785156|#Level:Host|#hostname:Alans-MacBook-Air.local,timestamp:1727307482
2024-09-25T16:38:02,504 - DiskUtilization.Percent:4.0|#Level:Host|#hostname:Alans-MacBook-Air.local,timestamp:1727307482
2024-09-25T16:38:02,504 - MemoryAvailable.Megabytes:4336.828125|#Level:Host|#hostname:Alans-MacBook-Air.local,timestamp:1727307482
2024-09-25T16:38:02,504 - MemoryUsed.Megabytes:5762.984375|#Level:Host|#hostname:Alans-MacBook-Air.local,timestamp:1727307482
2024-09-25T16:38:02,504 - MemoryUtilization.Percent:73.5|#Level:Host|#hostname:Alans-MacBook-Air.local,timestamp:1727307482
2024-09-25T16:38:06,035 - Requests5XX.Count:1.0|#Level:Host|#hostname:Alans-MacBook-Air.local,timestamp:1727307486
2024-09-25T16:39:02,548 - CPUUtilization.Percent:0.0|#Level:Host|#hostname:Alans-MacBook-Air.local,timestamp:1727307542
2024-09-25T16:39:02,549 - DiskAvailable.Gigabytes:235.82979583740234|#Level:Host|#hostname:Alans-MacBook-Air.local,timestamp:1727307542
2024-09-25T16:39:02,549 - DiskUsage.Gigabytes:9.936683654785156|#Level:Host|#hostname:Alans-MacBook-Air.local,timestamp:1727307542
2024-09-25T16:39:02,550 - DiskUtilization.Percent:4.0|#Level:Host|#hostname:Alans-MacBook-Air.local,timestamp:1727307542
2024-09-25T16:39:02,550 - MemoryAvailable.Megabytes:4101.140625|#Level:Host|#hostname:Alans-MacBook-Air.local,timestamp:1727307542
2024-09-25T16:39:02,550 - MemoryUsed.Megabytes:5687.84375|#Level:Host|#hostname:Alans-MacBook-Air.local,timestamp:1727307542
2024-09-25T16:39:02,550 - MemoryUtilization.Percent:75.0|#Level:Host|#hostname:Alans-MacBook-Air.local,timestamp:1727307542
2024-09-25T16:39:26,940 - Requests4XX.Count:1.0|#Level:Host|#hostname:Alans-MacBook-Air.local,timestamp:1727307566
2024-09-25T16:39:26,960 - Requests4XX.Count:1.0|#Level:Host|#hostname:Alans-MacBook-Air.local,timestamp:1727307566
2024-09-25T16:39:26,976 - Requests2XX.Count:1.0|#Level:Host|#hostname:Alans-MacBook-Air.local,timestamp:1727307566
2024-09-25T16:39:55,471 - CPUUtilization.Percent:0.0|#Level:Host|#hostname:Alans-MacBook-Air.local,timestamp:1727307595
2024-09-25T16:39:55,471 - DiskAvailable.Gigabytes:235.82654190063477|#Level:Host|#hostname:Alans-MacBook-Air.local,timestamp:1727307595
2024-09-25T16:39:55,471 - DiskUsage.Gigabytes:9.936683654785156|#Level:Host|#hostname:Alans-MacBook-Air.local,timestamp:1727307595
2024-09-25T16:39:55,471 - DiskUtilization.Percent:4.0|#Level:Host|#hostname:Alans-MacBook-Air.local,timestamp:1727307595
2024-09-25T16:39:55,471 - MemoryAvailable.Megabytes:3966.0625|#Level:Host|#hostname:Alans-MacBook-Air.local,timestamp:1727307595
2024-09-25T16:39:55,472 - MemoryUsed.Megabytes:5585.046875|#Level:Host|#hostname:Alans-MacBook-Air.local,timestamp:1727307595
2024-09-25T16:39:55,472 - MemoryUtilization.Percent:75.8|#Level:Host|#hostname:Alans-MacBook-Air.local,timestamp:1727307595
2024-09-25T16:40:00,849 - Requests5XX.Count:1.0|#Level:Host|#hostname:Alans-MacBook-Air.local,timestamp:1727307600
2024-09-25T16:40:04,614 - Requests2XX.Count:1.0|#Level:Host|#hostname:Alans-MacBook-Air.local,timestamp:1727307604
2024-09-25T16:43:59,199 - CPUUtilization.Percent:0.0|#Level:Host|#hostname:Alans-MacBook-Air.local,timestamp:1727307839
2024-09-25T16:43:59,200 - DiskAvailable.Gigabytes:235.82594299316406|#Level:Host|#hostname:Alans-MacBook-Air.local,timestamp:1727307839
2024-09-25T16:43:59,200 - DiskUsage.Gigabytes:9.936683654785156|#Level:Host|#hostname:Alans-MacBook-Air.local,timestamp:1727307839
2024-09-25T16:43:59,201 - DiskUtilization.Percent:4.0|#Level:Host|#hostname:Alans-MacBook-Air.local,timestamp:1727307839
2024-09-25T16:43:59,201 - MemoryAvailable.Megabytes:4293.0625|#Level:Host|#hostname:Alans-MacBook-Air.local,timestamp:1727307839
2024-09-25T16:43:59,201 - MemoryUsed.Megabytes:5965.703125|#Level:Host|#hostname:Alans-MacBook-Air.local,timestamp:1727307839
2024-09-25T16:43:59,201 - MemoryUtilization.Percent:73.8|#Level:Host|#hostname:Alans-MacBook-Air.local,timestamp:1727307839
2024-09-25T16:44:03,608 - Requests5XX.Count:1.0|#Level:Host|#hostname:Alans-MacBook-Air.local,timestamp:1727307843
2024-09-25T16:44:08,129 - Requests2XX.Count:1.0|#Level:Host|#hostname:Alans-MacBook-Air.local,timestamp:1727307848
2024-09-25T16:44:59,248 - CPUUtilization.Percent:0.0|#Level:Host|#hostname:Alans-MacBook-Air.local,timestamp:1727307899
2024-09-25T16:44:59,248 - DiskAvailable.Gigabytes:235.82387924194336|#Level:Host|#hostname:Alans-MacBook-Air.local,timestamp:1727307899
2024-09-25T16:44:59,248 - DiskUsage.Gigabytes:9.936683654785156|#Level:Host|#hostname:Alans-MacBook-Air.local,timestamp:1727307899
2024-09-25T16:44:59,248 - DiskUtilization.Percent:4.0|#Level:Host|#hostname:Alans-MacBook-Air.local,timestamp:1727307899
2024-09-25T16:44:59,249 - MemoryAvailable.Megabytes:4080.03125|#Level:Host|#hostname:Alans-MacBook-Air.local,timestamp:1727307899
2024-09-25T16:44:59,249 - MemoryUsed.Megabytes:5679.609375|#Level:Host|#hostname:Alans-MacBook-Air.local,timestamp:1727307899
2024-09-25T16:44:59,249 - MemoryUtilization.Percent:75.1|#Level:Host|#hostname:Alans-MacBook-Air.local,timestamp:1727307899
2024-09-25T16:45:59,241 - CPUUtilization.Percent:0.0|#Level:Host|#hostname:Alans-MacBook-Air.local,timestamp:1727307959
2024-09-25T16:45:59,241 - DiskAvailable.Gigabytes:235.82665634155273|#Level:Host|#hostname:Alans-MacBook-Air.local,timestamp:1727307959
2024-09-25T16:45:59,241 - DiskUsage.Gigabytes:9.936683654785156|#Level:Host|#hostname:Alans-MacBook-Air.local,timestamp:1727307959
2024-09-25T16:45:59,242 - DiskUtilization.Percent:4.0|#Level:Host|#hostname:Alans-MacBook-Air.local,timestamp:1727307959
2024-09-25T16:45:59,242 - MemoryAvailable.Megabytes:4353.25|#Level:Host|#hostname:Alans-MacBook-Air.local,timestamp:1727307959
2024-09-25T16:45:59,242 - MemoryUsed.Megabytes:5912.34375|#Level:Host|#hostname:Alans-MacBook-Air.local,timestamp:1727307959
2024-09-25T16:45:59,242 - MemoryUtilization.Percent:73.4|#Level:Host|#hostname:Alans-MacBook-Air.local,timestamp:1727307959
2024-09-25T16:46:59,251 - CPUUtilization.Percent:0.0|#Level:Host|#hostname:Alans-MacBook-Air.local,timestamp:1727308019
2024-09-25T16:46:59,252 - DiskAvailable.Gigabytes:235.79424667358398|#Level:Host|#hostname:Alans-MacBook-Air.local,timestamp:1727308019
2024-09-25T16:46:59,252 - DiskUsage.Gigabytes:9.936683654785156|#Level:Host|#hostname:Alans-MacBook-Air.local,timestamp:1727308019
2024-09-25T16:46:59,252 - DiskUtilization.Percent:4.0|#Level:Host|#hostname:Alans-MacBook-Air.local,timestamp:1727308019
2024-09-25T16:46:59,252 - MemoryAvailable.Megabytes:4320.71875|#Level:Host|#hostname:Alans-MacBook-Air.local,timestamp:1727308019
2024-09-25T16:46:59,252 - MemoryUsed.Megabytes:5951.015625|#Level:Host|#hostname:Alans-MacBook-Air.local,timestamp:1727308019
2024-09-25T16:46:59,252 - MemoryUtilization.Percent:73.6|#Level:Host|#hostname:Alans-MacBook-Air.local,timestamp:1727308019
2024-09-25T16:47:19,308 - Requests4XX.Count:1.0|#Level:Host|#hostname:Alans-MacBook-Air.local,timestamp:1727308039
2024-09-25T16:47:40,612 - Requests2XX.Count:1.0|#Level:Host|#hostname:Alans-MacBook-Air.local,timestamp:1727308060
2024-09-25T16:47:59,257 - CPUUtilization.Percent:0.0|#Level:Host|#hostname:Alans-MacBook-Air.local,timestamp:1727308079
2024-09-25T16:47:59,258 - DiskAvailable.Gigabytes:235.79683685302734|#Level:Host|#hostname:Alans-MacBook-Air.local,timestamp:1727308079
2024-09-25T16:47:59,258 - DiskUsage.Gigabytes:9.936683654785156|#Level:Host|#hostname:Alans-MacBook-Air.local,timestamp:1727308079
2024-09-25T16:47:59,258 - DiskUtilization.Percent:4.0|#Level:Host|#hostname:Alans-MacBook-Air.local,timestamp:1727308079
2024-09-25T16:47:59,258 - MemoryAvailable.Megabytes:4240.890625|#Level:Host|#hostname:Alans-MacBook-Air.local,timestamp:1727308079
2024-09-25T16:47:59,258 - MemoryUsed.Megabytes:5852.0|#Level:Host|#hostname:Alans-MacBook-Air.local,timestamp:1727308079
2024-09-25T16:47:59,259 - MemoryUtilization.Percent:74.1|#Level:Host|#hostname:Alans-MacBook-Air.local,timestamp:1727308079
2024-09-25T16:48:01,834 - Requests5XX.Count:1.0|#Level:Host|#hostname:Alans-MacBook-Air.local,timestamp:1727308081
2024-09-25T16:48:07,616 - Requests2XX.Count:1.0|#Level:Host|#hostname:Alans-MacBook-Air.local,timestamp:1727308087
2024-09-25T16:48:11,235 - Requests4XX.Count:1.0|#Level:Host|#hostname:Alans-MacBook-Air.local,timestamp:1727308091
2024-09-25T16:48:59,258 - CPUUtilization.Percent:100.0|#Level:Host|#hostname:Alans-MacBook-Air.local,timestamp:1727308139
2024-09-25T16:48:59,259 - DiskAvailable.Gigabytes:235.77874374389648|#Level:Host|#hostname:Alans-MacBook-Air.local,timestamp:1727308139
2024-09-25T16:48:59,259 - DiskUsage.Gigabytes:9.936683654785156|#Level:Host|#hostname:Alans-MacBook-Air.local,timestamp:1727308139
2024-09-25T16:48:59,259 - DiskUtilization.Percent:4.0|#Level:Host|#hostname:Alans-MacBook-Air.local,timestamp:1727308139
2024-09-25T16:48:59,259 - MemoryAvailable.Megabytes:3755.1875|#Level:Host|#hostname:Alans-MacBook-Air.local,timestamp:1727308139
2024-09-25T16:48:59,259 - MemoryUsed.Megabytes:5423.0|#Level:Host|#hostname:Alans-MacBook-Air.local,timestamp:1727308139
2024-09-25T16:48:59,259 - MemoryUtilization.Percent:77.1|#Level:Host|#hostname:Alans-MacBook-Air.local,timestamp:1727308139
2024-09-25T16:49:05,008 - Requests2XX.Count:1.0|#Level:Host|#hostname:Alans-MacBook-Air.local,timestamp:1727308145
2024-09-25T16:49:10,673 - Requests4XX.Count:1.0|#Level:Host|#hostname:Alans-MacBook-Air.local,timestamp:1727308150
2024-09-25T16:49:17,703 - Requests5XX.Count:1.0|#Level:Host|#hostname:Alans-MacBook-Air.local,timestamp:1727308157
2024-09-25T16:49:28,755 - Requests2XX.Count:1.0|#Level:Host|#hostname:Alans-MacBook-Air.local,timestamp:1727308168
2024-09-25T16:49:34,343 - Requests4XX.Count:1.0|#Level:Host|#hostname:Alans-MacBook-Air.local,timestamp:1727308174
2024-09-25T16:49:59,257 - CPUUtilization.Percent:0.0|#Level:Host|#hostname:Alans-MacBook-Air.local,timestamp:1727308199
2024-09-25T16:49:59,258 - DiskAvailable.Gigabytes:235.75530242919922|#Level:Host|#hostname:Alans-MacBook-Air.local,timestamp:1727308199
2024-09-25T16:49:59,258 - DiskUsage.Gigabytes:9.936683654785156|#Level:Host|#hostname:Alans-MacBook-Air.local,timestamp:1727308199
2024-09-25T16:49:59,258 - DiskUtilization.Percent:4.0|#Level:Host|#hostname:Alans-MacBook-Air.local,timestamp:1727308199
2024-09-25T16:49:59,258 - MemoryAvailable.Megabytes:3653.078125|#Level:Host|#hostname:Alans-MacBook-Air.local,timestamp:1727308199
2024-09-25T16:49:59,258 - MemoryUsed.Megabytes:5270.390625|#Level:Host|#hostname:Alans-MacBook-Air.local,timestamp:1727308199
2024-09-25T16:49:59,258 - MemoryUtilization.Percent:77.7|#Level:Host|#hostname:Alans-MacBook-Air.local,timestamp:1727308199
2024-09-25T16:50:16,167 - Requests5XX.Count:1.0|#Level:Host|#hostname:Alans-MacBook-Air.local,timestamp:1727308216
2024-09-25T16:50:59,257 - CPUUtilization.Percent:0.0|#Level:Host|#hostname:Alans-MacBook-Air.local,timestamp:1727308259
2024-09-25T16:50:59,258 - DiskAvailable.Gigabytes:235.76183319091797|#Level:Host|#hostname:Alans-MacBook-Air.local,timestamp:1727308259
2024-09-25T16:50:59,258 - DiskUsage.Gigabytes:9.936683654785156|#Level:Host|#hostname:Alans-MacBook-Air.local,timestamp:1727308259
2024-09-25T16:50:59,258 - DiskUtilization.Percent:4.0|#Level:Host|#hostname:Alans-MacBook-Air.local,timestamp:1727308259
2024-09-25T16:50:59,258 - MemoryAvailable.Megabytes:3620.765625|#Level:Host|#hostname:Alans-MacBook-Air.local,timestamp:1727308259
2024-09-25T16:50:59,258 - MemoryUsed.Megabytes:5254.53125|#Level:Host|#hostname:Alans-MacBook-Air.local,timestamp:1727308259
2024-09-25T16:50:59,258 - MemoryUtilization.Percent:77.9|#Level:Host|#hostname:Alans-MacBook-Air.local,timestamp:1727308259
2024-09-25T16:51:17,237 - CPUUtilization.Percent:0.0|#Level:Host|#hostname:Alans-MacBook-Air.local,timestamp:1727308277
2024-09-25T16:51:17,237 - DiskAvailable.Gigabytes:235.7615089416504|#Level:Host|#hostname:Alans-MacBook-Air.local,timestamp:1727308277
2024-09-25T16:51:17,238 - DiskUsage.Gigabytes:9.936683654785156|#Level:Host|#hostname:Alans-MacBook-Air.local,timestamp:1727308277
2024-09-25T16:51:17,238 - DiskUtilization.Percent:4.0|#Level:Host|#hostname:Alans-MacBook-Air.local,timestamp:1727308277
2024-09-25T16:51:17,238 - MemoryAvailable.Megabytes:3568.84375|#Level:Host|#hostname:Alans-MacBook-Air.local,timestamp:1727308277
2024-09-25T16:51:17,238 - MemoryUsed.Megabytes:5246.890625|#Level:Host|#hostname:Alans-MacBook-Air.local,timestamp:1727308277
2024-09-25T16:51:17,238 - MemoryUtilization.Percent:78.2|#Level:Host|#hostname:Alans-MacBook-Air.local,timestamp:1727308277
2024-09-25T16:51:22,518 - Requests4XX.Count:1.0|#Level:Host|#hostname:Alans-MacBook-Air.local,timestamp:1727308282
2024-09-25T16:51:31,773 - Requests4XX.Count:1.0|#Level:Host|#hostname:Alans-MacBook-Air.local,timestamp:1727308291
2024-09-25T16:52:17,268 - CPUUtilization.Percent:0.0|#Level:Host|#hostname:Alans-MacBook-Air.local,timestamp:1727308337
2024-09-25T16:52:17,268 - DiskAvailable.Gigabytes:235.75596618652344|#Level:Host|#hostname:Alans-MacBook-Air.local,timestamp:1727308337
2024-09-25T16:52:17,268 - DiskUsage.Gigabytes:9.936683654785156|#Level:Host|#hostname:Alans-MacBook-Air.local,timestamp:1727308337
2024-09-25T16:52:17,268 - DiskUtilization.Percent:4.0|#Level:Host|#hostname:Alans-MacBook-Air.local,timestamp:1727308337
2024-09-25T16:52:17,268 - MemoryAvailable.Megabytes:3782.1875|#Level:Host|#hostname:Alans-MacBook-Air.local,timestamp:1727308337
2024-09-25T16:52:17,269 - MemoryUsed.Megabytes:5527.921875|#Level:Host|#hostname:Alans-MacBook-Air.local,timestamp:1727308337
2024-09-25T16:52:17,269 - MemoryUtilization.Percent:76.9|#Level:Host|#hostname:Alans-MacBook-Air.local,timestamp:1727308337
2024-09-25T16:52:34,281 - CPUUtilization.Percent:100.0|#Level:Host|#hostname:Alans-MacBook-Air.local,timestamp:1727308354
2024-09-25T16:52:34,282 - DiskAvailable.Gigabytes:235.75359725952148|#Level:Host|#hostname:Alans-MacBook-Air.local,timestamp:1727308354
2024-09-25T16:52:34,282 - DiskUsage.Gigabytes:9.936683654785156|#Level:Host|#hostname:Alans-MacBook-Air.local,timestamp:1727308354
2024-09-25T16:52:34,282 - DiskUtilization.Percent:4.0|#Level:Host|#hostname:Alans-MacBook-Air.local,timestamp:1727308354
2024-09-25T16:52:34,283 - MemoryAvailable.Megabytes:3771.546875|#Level:Host|#hostname:Alans-MacBook-Air.local,timestamp:1727308354
2024-09-25T16:52:34,283 - MemoryUsed.Megabytes:5458.453125|#Level:Host|#hostname:Alans-MacBook-Air.local,timestamp:1727308354
2024-09-25T16:52:34,283 - MemoryUtilization.Percent:77.0|#Level:Host|#hostname:Alans-MacBook-Air.local,timestamp:1727308354
2024-09-25T16:52:41,962 - Requests5XX.Count:1.0|#Level:Host|#hostname:Alans-MacBook-Air.local,timestamp:1727308361
2024-09-25T16:52:46,181 - Requests2XX.Count:1.0|#Level:Host|#hostname:Alans-MacBook-Air.local,timestamp:1727308366
2024-09-25T16:52:49,051 - Requests4XX.Count:1.0|#Level:Host|#hostname:Alans-MacBook-Air.local,timestamp:1727308369
2024-09-25T16:53:34,325 - CPUUtilization.Percent:0.0|#Level:Host|#hostname:Alans-MacBook-Air.local,timestamp:1727308414
2024-09-25T16:53:34,325 - DiskAvailable.Gigabytes:235.75104141235352|#Level:Host|#hostname:Alans-MacBook-Air.local,timestamp:1727308414
2024-09-25T16:53:34,325 - DiskUsage.Gigabytes:9.936683654785156|#Level:Host|#hostname:Alans-MacBook-Air.local,timestamp:1727308414
2024-09-25T16:53:34,325 - DiskUtilization.Percent:4.0|#Level:Host|#hostname:Alans-MacBook-Air.local,timestamp:1727308414
2024-09-25T16:53:34,325 - MemoryAvailable.Megabytes:3919.265625|#Level:Host|#hostname:Alans-MacBook-Air.local,timestamp:1727308414
2024-09-25T16:53:34,325 - MemoryUsed.Megabytes:5523.890625|#Level:Host|#hostname:Alans-MacBook-Air.local,timestamp:1727308414
2024-09-25T16:53:34,326 - MemoryUtilization.Percent:76.1|#Level:Host|#hostname:Alans-MacBook-Air.local,timestamp:1727308414
2024-09-25T16:54:34,313 - CPUUtilization.Percent:0.0|#Level:Host|#hostname:Alans-MacBook-Air.local,timestamp:1727308474
2024-09-25T16:54:34,314 - DiskAvailable.Gigabytes:235.74995040893555|#Level:Host|#hostname:Alans-MacBook-Air.local,timestamp:1727308474
2024-09-25T16:54:34,314 - DiskUsage.Gigabytes:9.936683654785156|#Level:Host|#hostname:Alans-MacBook-Air.local,timestamp:1727308474
2024-09-25T16:54:34,314 - DiskUtilization.Percent:4.0|#Level:Host|#hostname:Alans-MacBook-Air.local,timestamp:1727308474
2024-09-25T16:54:34,314 - MemoryAvailable.Megabytes:3990.4375|#Level:Host|#hostname:Alans-MacBook-Air.local,timestamp:1727308474
2024-09-25T16:54:34,315 - MemoryUsed.Megabytes:5474.875|#Level:Host|#hostname:Alans-MacBook-Air.local,timestamp:1727308474
2024-09-25T16:54:34,315 - MemoryUtilization.Percent:75.6|#Level:Host|#hostname:Alans-MacBook-Air.local,timestamp:1727308474
2024-09-25T16:55:34,320 - CPUUtilization.Percent:0.0|#Level:Host|#hostname:Alans-MacBook-Air.local,timestamp:1727308534
2024-09-25T16:55:34,320 - DiskAvailable.Gigabytes:235.75275421142578|#Level:Host|#hostname:Alans-MacBook-Air.local,timestamp:1727308534
2024-09-25T16:55:34,321 - DiskUsage.Gigabytes:9.936683654785156|#Level:Host|#hostname:Alans-MacBook-Air.local,timestamp:1727308534
2024-09-25T16:55:34,321 - DiskUtilization.Percent:4.0|#Level:Host|#hostname:Alans-MacBook-Air.local,timestamp:1727308534
2024-09-25T16:55:34,321 - MemoryAvailable.Megabytes:4053.5625|#Level:Host|#hostname:Alans-MacBook-Air.local,timestamp:1727308534
2024-09-25T16:55:34,321 - MemoryUsed.Megabytes:5633.734375|#Level:Host|#hostname:Alans-MacBook-Air.local,timestamp:1727308534
2024-09-25T16:55:34,321 - MemoryUtilization.Percent:75.3|#Level:Host|#hostname:Alans-MacBook-Air.local,timestamp:1727308534
2024-09-25T16:56:34,307 - CPUUtilization.Percent:0.0|#Level:Host|#hostname:Alans-MacBook-Air.local,timestamp:1727308594
2024-09-25T16:56:34,307 - DiskAvailable.Gigabytes:235.74979400634766|#Level:Host|#hostname:Alans-MacBook-Air.local,timestamp:1727308594
2024-09-25T16:56:34,307 - DiskUsage.Gigabytes:9.936683654785156|#Level:Host|#hostname:Alans-MacBook-Air.local,timestamp:1727308594
2024-09-25T16:56:34,307 - DiskUtilization.Percent:4.0|#Level:Host|#hostname:Alans-MacBook-Air.local,timestamp:1727308594
2024-09-25T16:56:34,307 - MemoryAvailable.Megabytes:4031.515625|#Level:Host|#hostname:Alans-MacBook-Air.local,timestamp:1727308594
2024-09-25T16:56:34,307 - MemoryUsed.Megabytes:5631.46875|#Level:Host|#hostname:Alans-MacBook-Air.local,timestamp:1727308594
2024-09-25T16:56:34,307 - MemoryUtilization.Percent:75.4|#Level:Host|#hostname:Alans-MacBook-Air.local,timestamp:1727308594
2024-09-25T16:57:34,296 - CPUUtilization.Percent:0.0|#Level:Host|#hostname:Alans-MacBook-Air.local,timestamp:1727308654
2024-09-25T16:57:34,296 - DiskAvailable.Gigabytes:235.75235748291016|#Level:Host|#hostname:Alans-MacBook-Air.local,timestamp:1727308654
2024-09-25T16:57:34,296 - DiskUsage.Gigabytes:9.936683654785156|#Level:Host|#hostname:Alans-MacBook-Air.local,timestamp:1727308654
2024-09-25T16:57:34,296 - DiskUtilization.Percent:4.0|#Level:Host|#hostname:Alans-MacBook-Air.local,timestamp:1727308654
2024-09-25T16:57:34,296 - MemoryAvailable.Megabytes:4146.40625|#Level:Host|#hostname:Alans-MacBook-Air.local,timestamp:1727308654
2024-09-25T16:57:34,296 - MemoryUsed.Megabytes:5757.234375|#Level:Host|#hostname:Alans-MacBook-Air.local,timestamp:1727308654
2024-09-25T16:57:34,297 - MemoryUtilization.Percent:74.7|#Level:Host|#hostname:Alans-MacBook-Air.local,timestamp:1727308654
2024-09-25T16:58:34,290 - CPUUtilization.Percent:0.0|#Level:Host|#hostname:Alans-MacBook-Air.local,timestamp:1727308714
2024-09-25T16:58:34,291 - DiskAvailable.Gigabytes:235.75152969360352|#Level:Host|#hostname:Alans-MacBook-Air.local,timestamp:1727308714
2024-09-25T16:58:34,291 - DiskUsage.Gigabytes:9.936683654785156|#Level:Host|#hostname:Alans-MacBook-Air.local,timestamp:1727308714
2024-09-25T16:58:34,291 - DiskUtilization.Percent:4.0|#Level:Host|#hostname:Alans-MacBook-Air.local,timestamp:1727308714
2024-09-25T16:58:34,291 - MemoryAvailable.Megabytes:3801.203125|#Level:Host|#hostname:Alans-MacBook-Air.local,timestamp:1727308714
2024-09-25T16:58:34,292 - MemoryUsed.Megabytes:5419.203125|#Level:Host|#hostname:Alans-MacBook-Air.local,timestamp:1727308714
2024-09-25T16:58:34,292 - MemoryUtilization.Percent:76.8|#Level:Host|#hostname:Alans-MacBook-Air.local,timestamp:1727308714
2024-09-25T16:59:34,302 - CPUUtilization.Percent:0.0|#Level:Host|#hostname:Alans-MacBook-Air.local,timestamp:1727308774
2024-09-25T16:59:34,303 - DiskAvailable.Gigabytes:235.74824142456055|#Level:Host|#hostname:Alans-MacBook-Air.local,timestamp:1727308774
2024-09-25T16:59:34,303 - DiskUsage.Gigabytes:9.936683654785156|#Level:Host|#hostname:Alans-MacBook-Air.local,timestamp:1727308774
2024-09-25T16:59:34,303 - DiskUtilization.Percent:4.0|#Level:Host|#hostname:Alans-MacBook-Air.local,timestamp:1727308774
2024-09-25T16:59:34,303 - MemoryAvailable.Megabytes:3738.375|#Level:Host|#hostname:Alans-MacBook-Air.local,timestamp:1727308774
2024-09-25T16:59:34,303 - MemoryUsed.Megabytes:5296.453125|#Level:Host|#hostname:Alans-MacBook-Air.local,timestamp:1727308774
2024-09-25T16:59:34,303 - MemoryUtilization.Percent:77.2|#Level:Host|#hostname:Alans-MacBook-Air.local,timestamp:1727308774
2024-09-25T17:00:34,298 - CPUUtilization.Percent:0.0|#Level:Host|#hostname:Alans-MacBook-Air.local,timestamp:1727308834
2024-09-25T17:00:34,298 - DiskAvailable.Gigabytes:235.77174377441406|#Level:Host|#hostname:Alans-MacBook-Air.local,timestamp:1727308834
2024-09-25T17:00:34,298 - DiskUsage.Gigabytes:9.936683654785156|#Level:Host|#hostname:Alans-MacBook-Air.local,timestamp:1727308834
2024-09-25T17:00:34,299 - DiskUtilization.Percent:4.0|#Level:Host|#hostname:Alans-MacBook-Air.local,timestamp:1727308834
2024-09-25T17:00:34,299 - MemoryAvailable.Megabytes:4427.984375|#Level:Host|#hostname:Alans-MacBook-Air.local,timestamp:1727308834
2024-09-25T17:00:34,299 - MemoryUsed.Megabytes:5967.078125|#Level:Host|#hostname:Alans-MacBook-Air.local,timestamp:1727308834
2024-09-25T17:00:34,299 - MemoryUtilization.Percent:73.0|#Level:Host|#hostname:Alans-MacBook-Air.local,timestamp:1727308834
2024-09-25T17:04:10,757 - CPUUtilization.Percent:100.0|#Level:Host|#hostname:Alans-MacBook-Air.local,timestamp:1727309050
2024-09-25T17:04:10,758 - DiskAvailable.Gigabytes:240.73785018920898|#Level:Host|#hostname:Alans-MacBook-Air.local,timestamp:1727309050
2024-09-25T17:04:10,759 - DiskUsage.Gigabytes:9.936683654785156|#Level:Host|#hostname:Alans-MacBook-Air.local,timestamp:1727309050
2024-09-25T17:04:10,759 - DiskUtilization.Percent:4.0|#Level:Host|#hostname:Alans-MacBook-Air.local,timestamp:1727309050
2024-09-25T17:04:10,759 - MemoryAvailable.Megabytes:6264.0|#Level:Host|#hostname:Alans-MacBook-Air.local,timestamp:1727309050
2024-09-25T17:04:10,759 - MemoryUsed.Megabytes:7900.0|#Level:Host|#hostname:Alans-MacBook-Air.local,timestamp:1727309050
2024-09-25T17:04:10,759 - MemoryUtilization.Percent:61.8|#Level:Host|#hostname:Alans-MacBook-Air.local,timestamp:1727309050
2024-09-25T17:04:17,381 - Requests2XX.Count:1.0|#Level:Host|#hostname:Alans-MacBook-Air.local,timestamp:1727309057
2024-09-25T17:04:28,997 - Requests2XX.Count:1.0|#Level:Host|#hostname:Alans-MacBook-Air.local,timestamp:1727309068
2024-09-25T17:05:10,801 - CPUUtilization.Percent:0.0|#Level:Host|#hostname:Alans-MacBook-Air.local,timestamp:1727309110
2024-09-25T17:05:10,802 - DiskAvailable.Gigabytes:240.71559524536133|#Level:Host|#hostname:Alans-MacBook-Air.local,timestamp:1727309110
2024-09-25T17:05:10,802 - DiskUsage.Gigabytes:9.936683654785156|#Level:Host|#hostname:Alans-MacBook-Air.local,timestamp:1727309110
2024-09-25T17:05:10,802 - DiskUtilization.Percent:4.0|#Level:Host|#hostname:Alans-MacBook-Air.local,timestamp:1727309110
2024-09-25T17:05:10,803 - MemoryAvailable.Megabytes:6368.765625|#Level:Host|#hostname:Alans-MacBook-Air.local,timestamp:1727309110
2024-09-25T17:05:10,803 - MemoryUsed.Megabytes:7890.078125|#Level:Host|#hostname:Alans-MacBook-Air.local,timestamp:1727309110
2024-09-25T17:05:10,803 - MemoryUtilization.Percent:61.1|#Level:Host|#hostname:Alans-MacBook-Air.local,timestamp:1727309110
2024-09-25T17:06:10,787 - CPUUtilization.Percent:0.0|#Level:Host|#hostname:Alans-MacBook-Air.local,timestamp:1727309170
2024-09-25T17:06:10,788 - DiskAvailable.Gigabytes:240.7211036682129|#Level:Host|#hostname:Alans-MacBook-Air.local,timestamp:1727309170
2024-09-25T17:06:10,788 - DiskUsage.Gigabytes:9.936683654785156|#Level:Host|#hostname:Alans-MacBook-Air.local,timestamp:1727309170
2024-09-25T17:06:10,788 - DiskUtilization.Percent:4.0|#Level:Host|#hostname:Alans-MacBook-Air.local,timestamp:1727309170
2024-09-25T17:06:10,789 - MemoryAvailable.Megabytes:6401.59375|#Level:Host|#hostname:Alans-MacBook-Air.local,timestamp:1727309170
2024-09-25T17:06:10,789 - MemoryUsed.Megabytes:7816.484375|#Level:Host|#hostname:Alans-MacBook-Air.local,timestamp:1727309170
2024-09-25T17:06:10,789 - MemoryUtilization.Percent:60.9|#Level:Host|#hostname:Alans-MacBook-Air.local,timestamp:1727309170
2024-09-25T17:06:20,829 - ts_inference_requests_total.Count:1.0|#model_name:gan_generator,model_version:default|#hostname:Alans-MacBook-Air.local,timestamp:1727309180
2024-09-25T17:06:20,832 - Requests5XX.Count:1.0|#Level:Host|#hostname:Alans-MacBook-Air.local,timestamp:1727309180
2024-09-25T17:06:46,771 - Requests2XX.Count:1.0|#Level:Host|#hostname:Alans-MacBook-Air.local,timestamp:1727309206
2024-09-25T17:07:04,315 - Requests2XX.Count:1.0|#Level:Host|#hostname:Alans-MacBook-Air.local,timestamp:1727309224
2024-09-25T17:07:10,378 - ts_inference_requests_total.Count:1.0|#model_name:gan_generator,model_version:default|#hostname:Alans-MacBook-Air.local,timestamp:1727309230
2024-09-25T17:07:10,788 - CPUUtilization.Percent:0.0|#Level:Host|#hostname:Alans-MacBook-Air.local,timestamp:1727309230
2024-09-25T17:07:10,789 - DiskAvailable.Gigabytes:240.72042846679688|#Level:Host|#hostname:Alans-MacBook-Air.local,timestamp:1727309230
2024-09-25T17:07:10,789 - DiskUsage.Gigabytes:9.936683654785156|#Level:Host|#hostname:Alans-MacBook-Air.local,timestamp:1727309230
2024-09-25T17:07:10,789 - DiskUtilization.Percent:4.0|#Level:Host|#hostname:Alans-MacBook-Air.local,timestamp:1727309230
2024-09-25T17:07:10,789 - MemoryAvailable.Megabytes:6262.390625|#Level:Host|#hostname:Alans-MacBook-Air.local,timestamp:1727309230
2024-09-25T17:07:10,789 - MemoryUsed.Megabytes:7808.78125|#Level:Host|#hostname:Alans-MacBook-Air.local,timestamp:1727309230
2024-09-25T17:07:10,789 - MemoryUtilization.Percent:61.8|#Level:Host|#hostname:Alans-MacBook-Air.local,timestamp:1727309230
2024-09-25T17:41:08,673 - CPUUtilization.Percent:0.0|#Level:Host|#hostname:Alans-MacBook-Air.local,timestamp:1727311268
2024-09-25T17:41:08,674 - DiskAvailable.Gigabytes:240.62466049194336|#Level:Host|#hostname:Alans-MacBook-Air.local,timestamp:1727311268
2024-09-25T17:41:08,674 - DiskUsage.Gigabytes:9.936683654785156|#Level:Host|#hostname:Alans-MacBook-Air.local,timestamp:1727311268
2024-09-25T17:41:08,674 - DiskUtilization.Percent:4.0|#Level:Host|#hostname:Alans-MacBook-Air.local,timestamp:1727311268
2024-09-25T17:41:08,674 - MemoryAvailable.Megabytes:6026.5625|#Level:Host|#hostname:Alans-MacBook-Air.local,timestamp:1727311268
2024-09-25T17:41:08,674 - MemoryUsed.Megabytes:7532.5625|#Level:Host|#hostname:Alans-MacBook-Air.local,timestamp:1727311268
2024-09-25T17:41:08,675 - MemoryUtilization.Percent:63.2|#Level:Host|#hostname:Alans-MacBook-Air.local,timestamp:1727311268
2024-09-25T17:41:21,325 - Requests2XX.Count:1.0|#Level:Host|#hostname:Alans-MacBook-Air.local,timestamp:1727311281
2024-09-25T17:41:30,656 - Requests2XX.Count:1.0|#Level:Host|#hostname:Alans-MacBook-Air.local,timestamp:1727311290
